2025-11-19 15:14:48,762 - __main__ - INFO - Успешное подключение к PostgreSQL
2025-11-19 15:14:48,764 - __main__ - INFO - База данных инициализирована успешно
2025-11-19 15:14:48,764 - __main__ - INFO - Данные загружены из файла
2025-11-19 15:14:48,765 - __main__ - INFO - Бот поддержки Neon Casino запущен...
2025-11-19 15:15:08,015 - __main__ - INFO - Начало парсинга данных от пользователя 5710697156
2025-11-19 15:15:08,015 - __main__ - INFO - JSON успешно распарсен
2025-11-19 15:15:08,016 - __main__ - INFO - Парсинг пользователя: {'username': 'root', 'balance': 1512, 'vip_status': 'Нет', 'registration_date': '2025-11-18T15:11:32.960Z'}
2025-11-19 15:15:08,016 - __main__ - INFO - Парсинг пользователя: {'username': 'root1', 'balance': 1000, 'vip_status': 'Нет', 'registration_date': '2025-11-19T08:30:51.321Z'}
2025-11-19 15:15:08,016 - __main__ - INFO - Парсинг пользователя: {'username': 'root', 'balance': 1512, 'vip_status': 'Нет', 'registration_date': 'Неизвестно'}
2025-11-19 15:15:08,016 - __main__ - INFO - Найдено 3 пользователей при парсинге
2025-11-19 15:15:08,213 - __main__ - INFO - Попытка добавить 3 пользователей в PostgreSQL
2025-11-19 15:15:08,268 - __main__ - INFO - Успешное подключение к PostgreSQL
2025-11-19 15:15:08,268 - __main__ - INFO - Добавление пользователя: root, баланс: 1512
2025-11-19 15:15:08,271 - __main__ - ERROR - Ошибка при добавлении пользователя root: ОШИБКА:  нет уникального ограничения или ограничения-исключения, соответствующего указанию ON CONFLICT

2025-11-19 15:15:08,271 - __main__ - INFO - Добавление пользователя: root1, баланс: 1000
2025-11-19 15:15:08,272 - __main__ - ERROR - Ошибка при добавлении пользователя root1: ОШИБКА:  текущая транзакция прервана, команды до конца блока транзакции игнорируются

2025-11-19 15:15:08,272 - __main__ - INFO - Добавление пользователя: root, баланс: 1512
2025-11-19 15:15:08,272 - __main__ - ERROR - Ошибка при добавлении пользователя root: ОШИБКА:  текущая транзакция прервана, команды до конца блока транзакции игнорируются

2025-11-19 15:15:08,272 - __main__ - INFO - Успешно добавлено 0 пользователей в PostgreSQL
2025-11-19 15:17:36,615 - __main__ - INFO - Успешное подключение к PostgreSQL
2025-11-19 15:17:36,638 - __main__ - INFO - База данных инициализирована успешно
2025-11-19 15:17:36,638 - __main__ - INFO - Данные загружены из файла
2025-11-19 15:17:36,638 - __main__ - INFO - Бот поддержки Neon Casino запущен...
2025-11-19 15:17:56,826 - __main__ - INFO - Начало парсинга данных от пользователя 5710697156
2025-11-19 15:17:56,826 - __main__ - INFO - JSON успешно распарсен
2025-11-19 15:17:56,826 - __main__ - INFO - Парсинг пользователя: {'username': 'root', 'balance': 1512, 'vip_status': 'Нет', 'registration_date': '2025-11-18T15:11:32.960Z'}
2025-11-19 15:17:56,826 - __main__ - INFO - Парсинг пользователя: {'username': 'root1', 'balance': 1000, 'vip_status': 'Нет', 'registration_date': '2025-11-19T08:30:51.321Z'}
2025-11-19 15:17:56,827 - __main__ - INFO - Парсинг пользователя: {'username': 'root', 'balance': 1512, 'vip_status': 'Нет', 'registration_date': 'Неизвестно'}
2025-11-19 15:17:56,827 - __main__ - INFO - Найдено 3 пользователей при парсинге
2025-11-19 15:17:57,213 - __main__ - INFO - Попытка добавить 3 пользователей в PostgreSQL
2025-11-19 15:17:57,268 - __main__ - INFO - Успешное подключение к PostgreSQL
2025-11-19 15:17:57,268 - __main__ - INFO - Добавление пользователя: root, баланс: 1512
2025-11-19 15:17:57,271 - __main__ - INFO - Успешно добавлен/обновлен пользователь: root
2025-11-19 15:17:57,271 - __main__ - INFO - Добавление пользователя: root1, баланс: 1000
2025-11-19 15:17:57,272 - __main__ - INFO - Успешно добавлен/обновлен пользователь: root1
2025-11-19 15:17:57,272 - __main__ - INFO - Добавление пользователя: root, баланс: 1512
2025-11-19 15:17:57,272 - __main__ - INFO - Успешно добавлен/обновлен пользователь: root
2025-11-19 15:17:57,274 - __main__ - INFO - Успешно добавлено 3 пользователей в PostgreSQL
2025-11-19 15:19:46,739 - __main__ - INFO - Начало парсинга данных от пользователя 5710697156
2025-11-19 15:19:46,739 - __main__ - INFO - JSON успешно распарсен
2025-11-19 15:19:46,740 - __main__ - INFO - Парсинг пользователя: {'username': 'root', 'balance': 1512, 'vip_status': 'Нет', 'registration_date': '2025-11-18T15:11:32.960Z'}
2025-11-19 15:19:46,740 - __main__ - INFO - Парсинг пользователя: {'username': 'root1', 'balance': 1000, 'vip_status': 'Нет', 'registration_date': '2025-11-19T08:30:51.321Z'}
2025-11-19 15:19:46,740 - __main__ - INFO - Парсинг пользователя: {'username': '12345', 'balance': 1000, 'vip_status': 'Нет', 'registration_date': '2025-11-19T11:19:21.246Z'}
2025-11-19 15:19:46,741 - __main__ - INFO - Найдено 3 пользователей при парсинге
2025-11-19 15:19:46,985 - __main__ - INFO - Попытка добавить 3 пользователей в PostgreSQL
2025-11-19 15:19:47,040 - __main__ - INFO - Успешное подключение к PostgreSQL
2025-11-19 15:19:47,040 - __main__ - INFO - Добавление пользователя: root, баланс: 1512
2025-11-19 15:19:47,041 - __main__ - INFO - Успешно добавлен/обновлен пользователь: root
2025-11-19 15:19:47,041 - __main__ - INFO - Добавление пользователя: root1, баланс: 1000
2025-11-19 15:19:47,042 - __main__ - INFO - Успешно добавлен/обновлен пользователь: root1
2025-11-19 15:19:47,042 - __main__ - INFO - Добавление пользователя: 12345, баланс: 1000
2025-11-19 15:19:47,042 - __main__ - INFO - Успешно добавлен/обновлен пользователь: 12345
2025-11-19 15:19:47,043 - __main__ - INFO - Успешно добавлено 3 пользователей в PostgreSQL
2025-11-19 15:22:36,641 - __main__ - INFO - Данные сохранены в файл
2025-11-19 15:22:36,641 - __main__ - INFO - Данные автоматически сохранены
2025-11-19 15:27:36,643 - __main__ - INFO - Данные сохранены в файл
2025-11-19 15:27:36,643 - __main__ - INFO - Данные автоматически сохранены
2025-11-19 15:32:36,646 - __main__ - INFO - Данные сохранены в файл
2025-11-19 15:32:36,646 - __main__ - INFO - Данные автоматически сохранены
2025-11-19 15:37:36,649 - __main__ - INFO - Данные сохранены в файл
2025-11-19 15:37:36,649 - __main__ - INFO - Данные автоматически сохранены
2025-11-19 15:50:56,104 - __main__ - INFO - Успешное подключение к PostgreSQL
2025-11-19 15:50:56,107 - __main__ - INFO - База данных инициализирована успешно
2025-11-19 15:50:56,107 - __main__ - INFO - Данные загружены из файла
2025-11-19 15:50:56,107 - __main__ - INFO - Бот поддержки Neon Casino запущен...
2025-11-19 15:54:39,675 - __main__ - INFO - Успешное подключение к PostgreSQL
2025-11-19 15:54:39,680 - __main__ - INFO - UNIQUE ограничение добавлено на поле username
2025-11-19 15:54:39,681 - __main__ - INFO - База данных инициализирована успешно
2025-11-19 15:54:39,681 - __main__ - INFO - Данные загружены из файла
2025-11-19 15:54:39,681 - __main__ - INFO - Бот поддержки Neon Casino запущен...
2025-11-19 15:55:24,497 - __main__ - INFO - Начало парсинга данных от пользователя 5710697156
2025-11-19 15:55:24,497 - __main__ - INFO - JSON успешно распарсен
2025-11-19 15:55:24,497 - __main__ - INFO - Парсинг пользователя: {'username': 'root', 'balance': 7067, 'vip_status': 'Нет', 'registration_date': '2025-11-18T08:19:43.645Z'}
2025-11-19 15:55:24,498 - __main__ - INFO - Парсинг пользователя: {'username': '1234', 'balance': 1000, 'vip_status': 'Нет', 'registration_date': '2025-11-19T09:58:41.631Z'}
2025-11-19 15:55:24,498 - __main__ - INFO - Найдено 2 пользователей при парсинге
2025-11-19 15:55:24,705 - __main__ - INFO - Попытка добавить 2 пользователей в PostgreSQL
2025-11-19 15:55:24,754 - __main__ - INFO - Успешное подключение к PostgreSQL
2025-11-19 15:55:24,754 - __main__ - INFO - Добавление пользователя: root, баланс: 7067
2025-11-19 15:55:24,758 - __main__ - INFO - Успешно добавлен/обновлен пользователь: root
2025-11-19 15:55:24,758 - __main__ - INFO - Добавление пользователя: 1234, баланс: 1000
2025-11-19 15:55:24,759 - __main__ - INFO - Успешно добавлен/обновлен пользователь: 1234
2025-11-19 15:55:24,760 - __main__ - INFO - Успешно добавлено 2 пользователей в PostgreSQL
2025-11-19 15:55:50,778 - __main__ - INFO - Начало парсинга данных от пользователя 5710697156
2025-11-19 15:55:50,778 - __main__ - INFO - JSON успешно распарсен
2025-11-19 15:55:50,778 - __main__ - INFO - Найдено 0 пользователей при парсинге
2025-11-20 15:27:06,001 - __main__ - INFO - Успешное подключение к PostgreSQL
2025-11-20 15:27:06,020 - __main__ - INFO - UNIQUE ограничение уже существует
2025-11-20 15:27:06,020 - __main__ - INFO - База данных инициализирована успешно
2025-11-20 15:27:06,030 - __main__ - INFO - Данные загружены из файла
2025-11-20 15:27:06,030 - __main__ - INFO - Бот поддержки Neon Casino запущен...
2025-11-20 15:32:06,039 - __main__ - INFO - Данные сохранены в файл
2025-11-20 15:32:06,039 - __main__ - INFO - Данные автоматически сохранены
2025-11-20 15:32:28,589 - __main__ - INFO - Данные сохранены в файл
2025-11-20 15:32:28,634 - __main__ - INFO - Успешное подключение к PostgreSQL
2025-11-20 15:32:28,649 - __main__ - INFO - Пользователь 725291866 добавлен в PostgreSQL
2025-11-20 15:32:28,649 - __main__ - INFO - Новый пользователь добавлен: 725291866
2025-11-20 15:32:28,947 - __main__ - INFO - Уведомление о новом пользователе отправлено админу 5710697156
2025-11-20 15:32:51,111 - __main__ - INFO - Данные сохранены в файл
2025-11-20 15:32:51,154 - __main__ - INFO - Успешное подключение к PostgreSQL
2025-11-20 15:32:51,170 - __main__ - INFO - Заявка #1 добавлена в PostgreSQL
2025-11-20 15:32:51,170 - __main__ - INFO - Создана заявка #4 для пользователя 725291866
2025-11-20 15:34:32,765 - __main__ - INFO - Данные сохранены в файл
2025-11-20 15:34:32,765 - __main__ - INFO - Статус заявки #4 изменен на in_progress
2025-11-20 15:34:32,766 - __main__ - INFO - Данные сохранены в файл
2025-11-20 15:34:32,766 - __main__ - INFO - Добавлен ответ к заявке #4
2025-11-20 15:36:17,452 - __main__ - INFO - Данные сохранены в файл
2025-11-20 15:36:17,613 - __main__ - INFO - Успешное подключение к PostgreSQL
2025-11-20 15:36:17,620 - __main__ - INFO - Заявка #2 добавлена в PostgreSQL
2025-11-20 15:36:17,620 - __main__ - INFO - Создана заявка #5 для пользователя 725291866
2025-11-20 15:37:04,685 - __main__ - INFO - Данные сохранены в файл
2025-11-20 15:37:04,685 - __main__ - INFO - Статус заявки #4 изменен на in_progress
2025-11-20 15:37:04,685 - __main__ - INFO - Данные сохранены в файл
2025-11-20 15:37:04,685 - __main__ - INFO - Добавлен ответ к заявке #4
2025-11-20 15:37:06,047 - __main__ - INFO - Данные сохранены в файл
2025-11-20 15:37:06,047 - __main__ - INFO - Данные автоматически сохранены
2025-11-20 15:37:20,642 - __main__ - INFO - Данные сохранены в файл
2025-11-20 15:37:20,642 - __main__ - INFO - Статус заявки #5 изменен на in_progress
2025-11-20 15:37:20,643 - __main__ - INFO - Данные сохранены в файл
2025-11-20 15:37:20,643 - __main__ - INFO - Добавлен ответ к заявке #5
2025-11-20 15:42:06,053 - __main__ - INFO - Данные сохранены в файл
2025-11-20 15:42:06,053 - __main__ - INFO - Данные автоматически сохранены
2025-11-21 17:28:02,814 - __main__ - INFO - Успешное подключение к PostgreSQL
2025-11-21 17:28:02,834 - __main__ - INFO - UNIQUE ограничение уже существует
2025-11-21 17:28:02,834 - __main__ - INFO - База данных инициализирована успешно
2025-11-21 17:28:02,844 - __main__ - INFO - Данные загружены из файла
2025-11-21 17:28:02,844 - __main__ - INFO - Бот поддержки Neon Casino запущен...
2025-11-21 17:28:11,500 - __main__ - INFO - Успешное подключение к PostgreSQL
2025-11-21 17:28:11,594 - __main__ - INFO - Успешное подключение к PostgreSQL
2025-11-21 17:28:11,669 - __main__ - INFO - Успешное подключение к PostgreSQL
2025-11-21 17:28:11,685 - __main__ - INFO - Получена статистика: {'total_users': 4, 'total_balance': 10067.0, 'vip_users': 0, 'last_parse': datetime.datetime(2025, 11, 19, 15, 55, 24, 759040)}
2025-11-23 14:48:30,883 - __main__ - INFO - Успешное подключение к PostgreSQL
2025-11-23 14:48:30,907 - __main__ - INFO - UNIQUE ограничение уже существует
2025-11-23 14:48:30,907 - __main__ - INFO - База данных инициализирована успешно
2025-11-23 14:48:30,916 - __main__ - INFO - Данные загружены из файла
2025-11-23 14:48:30,919 - __main__ - INFO - Бот поддержки Neon Casino запущен...
2025-11-23 14:48:50,156 - __main__ - INFO - Успешное подключение к PostgreSQL
2025-11-23 14:48:50,326 - __main__ - INFO - Успешное подключение к PostgreSQL
2025-11-23 14:48:50,373 - __main__ - INFO - Успешное подключение к PostgreSQL
2025-11-23 14:48:50,385 - __main__ - INFO - Получена статистика: {'total_users': 4, 'total_balance': 10067.0, 'vip_users': 0, 'last_parse': datetime.datetime(2025, 11, 19, 15, 55, 24, 759040)}
2025-11-23 14:48:57,062 - __main__ - INFO - Успешное подключение к PostgreSQL
2025-11-23 14:48:59,490 - __main__ - INFO - Успешное подключение к PostgreSQL
2025-11-23 14:49:15,747 - __main__ - INFO - Успешное подключение к PostgreSQL
2025-11-23 14:49:15,795 - __main__ - INFO - Успешное подключение к PostgreSQL
